Arguments: 
  /Users/dada/.nodebrew/node/v15.5.1/bin/node /Users/dada/.nodebrew/current/bin/yarn add @babel/core @babel/preset-env @rollup/plugin-babel @rollup/plugin-node-resolv @rollup/plugin-typescript

PATH: 
  /usr/local/google-cloud-sdk/bin:/Users/dada/.nodebrew/current/bin:/Users/dada/.composer/vendor/bin:/usr/local/opt/php@7.4/sbin:/usr/local/opt/php@7.4/bin:/usr/local/opt/mysql@5.7/bin:/usr/local/bin:/usr/bin:/bin:/usr/sbin:/sbin

Yarn version: 
  1.22.10

Node version: 
  15.5.1

Platform: 
  darwin x64

Trace: 
  Error: https://registry.yarnpkg.com/@rollup%2fplugin-node-resolv: Not found
      at Request.params.callback [as _callback] (/Users/dada/.nodebrew/node/v15.5.1/lib/node_modules/yarn/lib/cli.js:66988:18)
      at Request.self.callback (/Users/dada/.nodebrew/node/v15.5.1/lib/node_modules/yarn/lib/cli.js:140662:22)
      at Request.emit (node:events:376:20)
      at Request.<anonymous> (/Users/dada/.nodebrew/node/v15.5.1/lib/node_modules/yarn/lib/cli.js:141634:10)
      at Request.emit (node:events:376:20)
      at IncomingMessage.<anonymous> (/Users/dada/.nodebrew/node/v15.5.1/lib/node_modules/yarn/lib/cli.js:141556:12)
      at Object.onceWrapper (node:events:482:28)
      at IncomingMessage.emit (node:events:388:22)
      at endReadableNT (node:internal/streams/readable:1305:12)
      at processTicksAndRejections (node:internal/process/task_queues:80:21)

npm manifest: 
  {
    "name": "@sygnas/scroll-amount",
    "version": "2.0.0",
    "description": "Add scrolling state(top / not-top / bottom / not-bottom)",
    "main": "dist/scroll-amount.js",
    "types": "types/scroll-amount.d.ts",
    "browser": "dist/scroll-amount.lib.js",
    "module": "dist/scroll-amount.es.js",
    "moduleName": "syg-scroll-amount",
    "private": false,
    "repository": {
      "type": "git",
      "url": "https://github.com/sygnas/syg-scroll-amount.git"
    },
    "scripts": {
      "start": "npm run watch",
      "watch": "NODE_ENV=example rollup -w -c rollup.config.js",
      "dev": "NODE_ENV=development rollup -c rollup.config.js",
      "prod": "NODE_ENV=production rollup -c rollup.config.js",
      "production": "rm -rf dist && npm run dev && npm run prod",
      "lint": "eslint src"
    },
    "keywords": [
      "scroll",
      "navigation"
    ],
    "author": "Hiroshi Fukuda <info.sygnas@gmail.com>",
    "license": "MIT",
    "devDependencies": {
    },
    "dependencies": {
    }
  }

yarn manifest: 
  No manifest

Lockfile: 
  No lockfile
